\BOOKMARK [1][-]{section*.1}{\376\377\004\022\004\062\004\065\004\064\004\065\004\075\004\070\004\065}{}% 1
\BOOKMARK [1][-]{section*.2}{\376\377\004\037\004\076\004\101\004\102\004\060\004\075\004\076\004\062\004\072\004\060\000\040\004\067\004\060\004\064\004\060\004\107\004\070}{}% 2
\BOOKMARK [1][-]{section*.3}{\376\377\004\036\004\061\004\067\004\076\004\100\000\040\004\073\004\070\004\102\004\065\004\100\004\060\004\102\004\103\004\100\004\113}{}% 3
\BOOKMARK [1][-]{section.1}{\376\377\004\037\004\076\004\064\004\105\004\076\004\064\004\113\000\040\004\072\000\040\004\100\004\065\004\110\004\065\004\075\004\070\004\116\000\040\004\067\004\060\004\064\004\060\004\107\004\070}{}% 4
\BOOKMARK [2][-]{subsection.1.1}{\376\377\004\034\004\075\004\076\004\063\004\076\004\117\004\067\004\113\004\107\004\075\004\113\004\071\000\040\004\077\004\065\004\100\004\065\004\062\004\076\004\064}{section.1}% 5
\BOOKMARK [2][-]{subsection.1.2}{\376\377\004\037\004\065\004\100\004\065\004\062\004\076\004\064\000\040\004\062\004\070\004\064\004\065\004\076\004\072\004\076\004\075\004\102\004\065\004\075\004\102\004\060}{section.1}% 6
\BOOKMARK [3][-]{subsubsection.1.2.1}{\376\377\004\032\004\060\004\101\004\072\004\060\004\064\004\075\004\113\004\071\000\040\004\077\004\076\004\064\004\105\004\076\004\064}{subsection.1.2}% 7
\BOOKMARK [3][-]{subsubsection.1.2.2}{\376\377\000E\000n\000d\000-\000t\000o\000-\000e\000n\000d\000\040\004\077\004\076\004\064\004\105\004\076\004\064}{subsection.1.2}% 8
\BOOKMARK [2][-]{subsection.1.3}{\376\377\004\041\004\100\004\060\004\062\004\075\004\065\004\075\004\070\004\065\000\040\004\101\000\040\004\060\004\075\004\060\004\073\004\076\004\063\004\060\004\074\004\070}{section.1}% 9
\BOOKMARK [3][-]{subsubsection.1.3.1}{\376\377\004\036\004\061\004\073\004\060\004\107\004\075\004\113\004\065\000\040\004\101\004\065\004\100\004\062\004\070\004\101\004\113\000\040\004\060\004\062\004\102\004\076\004\074\004\060\004\102\004\070\004\107\004\065\004\101\004\072\004\076\004\071\000\040\004\073\004\076\004\072\004\060\004\073\004\070\004\067\004\060\004\106\004\070\004\070}{subsection.1.3}% 10
\BOOKMARK [3][-]{subsubsection.1.3.2}{\376\377\004\030\004\101\004\101\004\073\004\065\004\064\004\076\004\062\004\060\004\102\004\065\004\073\004\114\004\101\004\072\004\070\004\065\000\040\004\070\000\040\004\103\004\067\004\072\004\076\004\101\004\077\004\065\004\106\004\070\004\060\004\073\004\070\004\067\004\070\004\100\004\076\004\062\004\060\004\075\004\075\004\113\004\065\000\040\004\072\004\076\004\075\004\062\004\065\004\071\004\065\004\100\004\113\000\040\004\076\004\061\004\100\004\060\004\061\004\076\004\102\004\072\004\070}{subsection.1.3}% 11
\BOOKMARK [3][-]{subsubsection.1.3.3}{\376\377\004\022\004\101\004\102\004\100\004\076\004\065\004\075\004\075\004\113\004\065\000\040\004\101\004\100\004\065\004\064\004\101\004\102\004\062\004\060\000\040\004\062\004\070\004\064\004\065\004\076\004\077\004\073\004\060\004\102\004\104\004\076\004\100\004\074}{subsection.1.3}% 12
\BOOKMARK [1][-]{section.2}{\376\377\004\020\004\100\004\105\004\070\004\102\004\065\004\072\004\102\004\103\004\100\004\060\000\040\004\100\004\060\004\067\004\100\004\060\004\061\004\060\004\102\004\113\004\062\004\060\004\065\004\074\004\076\004\071\000\040\004\101\004\070\004\101\004\102\004\065\004\074\004\113}{}% 13
\BOOKMARK [2][-]{subsection.2.1}{\376\377\004\036\004\061\004\111\004\060\004\117\000\040\004\101\004\105\004\065\004\074\004\060}{section.2}% 14
\BOOKMARK [2][-]{subsection.2.2}{\376\377\004\036\004\102\004\072\004\060\004\067\004\076\004\103\004\101\004\102\004\076\004\071\004\107\004\070\004\062\004\076\004\101\004\102\004\114}{section.2}% 15
\BOOKMARK [2][-]{subsection.2.3}{\376\377\004\034\004\060\004\101\004\110\004\102\004\060\004\061\004\070\004\100\004\103\004\065\004\074\004\076\004\101\004\102\004\114}{section.2}% 16
\BOOKMARK [1][-]{section.3}{\376\377\004\040\004\065\004\060\004\073\004\070\004\067\004\060\004\106\004\070\004\117}{}% 17
\BOOKMARK [2][-]{subsection.3.1}{\376\377\004\044\004\100\004\076\004\075\004\102\004\065\004\075\004\064}{section.3}% 18
\BOOKMARK [2][-]{subsection.3.2}{\376\377\004\021\004\060\004\067\004\060\000\040\004\064\004\060\004\075\004\075\004\113\004\105}{section.3}% 19
\BOOKMARK [2][-]{subsection.3.3}{\376\377\004\041\004\070\004\101\004\102\004\065\004\074\004\060\000\040\004\060\004\064\004\074\004\070\004\075\004\070\004\101\004\102\004\100\004\070\004\100\004\076\004\062\004\060\004\075\004\070\004\117}{section.3}% 20
\BOOKMARK [2][-]{subsection.3.4}{\376\377\004\021\004\115\004\072\004\065\004\075\004\064}{section.3}% 21
\BOOKMARK [2][-]{subsection.3.5}{\376\377\004\036\004\061\004\100\004\060\004\061\004\076\004\102\004\107\004\070\004\072}{section.3}% 22
\BOOKMARK [3][-]{subsubsection.3.5.1}{\376\377\004\041\004\106\004\065\004\075\004\060\004\100\004\070\004\071\000\040\000Z\000e\000r\000o\000s\000h\000o\000t}{subsection.3.5}% 23
\BOOKMARK [3][-]{subsubsection.3.5.2}{\376\377\004\041\004\106\004\065\004\075\004\060\004\100\004\070\004\071\000\040\000Z\000e\000r\000o\000S\000w\000o\000t}{subsection.3.5}% 24
\BOOKMARK [3][-]{subsubsection.3.5.3}{\376\377\004\041\004\106\004\065\004\075\004\060\004\100\004\070\004\071\000\040\000S\000e\000a\000m\000l\000e\000s\000s\000M\0004\000T}{subsection.3.5}% 25
\BOOKMARK [2][-]{subsection.3.6}{\376\377\004\030\004\075\004\104\004\100\004\060\004\101\004\102\004\100\004\103\004\072\004\102\004\103\004\100\004\060}{section.3}% 26
\BOOKMARK [3][-]{subsubsection.3.6.1}{\376\377\004\036\004\107\004\065\004\100\004\065\004\064\004\114}{subsection.3.6}% 27
\BOOKMARK [3][-]{subsubsection.3.6.2}{\376\377\000S\0003\000-\004\105\004\100\004\060\004\075\004\070\004\073\004\070\004\111\004\065}{subsection.3.6}% 28
\BOOKMARK [3][-]{subsubsection.3.6.3}{\376\377\000D\000o\000c\000k\000e\000r\000\040\000S\000w\000a\000r\000m}{subsection.3.6}% 29
\BOOKMARK [3][-]{subsubsection.3.6.4}{\376\377\000C\000I\000/\000C\000D}{subsection.3.6}% 30
\BOOKMARK [1][-]{section.4}{\376\377\004\042\004\065\004\101\004\102\004\070\004\100\004\076\004\062\004\060\004\075\004\070\004\065}{}% 31
\BOOKMARK [2][-]{subsection.4.1}{\376\377\004\041\004\100\004\060\004\062\004\075\004\065\004\075\004\070\004\065\000\040\004\074\004\076\004\064\004\065\004\073\004\065\004\071}{section.4}% 32
\BOOKMARK [2][-]{subsection.4.2}{\376\377\004\037\004\076\004\072\004\100\004\113\004\102\004\070\004\065\000\040\004\102\004\065\004\101\004\102\004\060\004\074\004\070}{section.4}% 33
\BOOKMARK [2][-]{subsection.4.3}{\376\377\004\040\004\103\004\107\004\075\004\076\004\065\000\040\004\102\004\065\004\101\004\102\004\070\004\100\004\076\004\062\004\060\004\075\004\070\004\065}{section.4}% 34
\BOOKMARK [1][-]{section.5}{\376\377\004\037\004\065\004\100\004\101\004\077\004\065\004\072\004\102\004\070\004\062\004\113\000\040\004\100\004\060\004\067\004\062\004\070\004\102\004\070\004\117\000\040\004\077\004\073\004\060\004\102\004\104\004\076\004\100\004\074\004\113}{}% 35
\BOOKMARK [2][-]{subsection.5.1}{\376\377\004\023\004\065\004\075\004\065\004\100\004\060\004\106\004\070\004\117\000\040\004\101\004\103\004\061\004\102\004\070\004\102\004\100\004\076\004\062}{section.5}% 36
\BOOKMARK [2][-]{subsection.5.2}{\376\377\004\040\004\065\004\064\004\060\004\072\004\102\004\076\004\100\000\040\004\100\004\065\004\067\004\103\004\073\004\114\004\102\004\060\004\102\004\060\000\040\004\077\004\065\004\100\004\065\004\064\000\040\004\077\004\103\004\061\004\073\004\070\004\072\004\060\004\106\004\070\004\065\004\071}{section.5}% 37
\BOOKMARK [1][-]{section*.12}{\376\377\004\022\004\113\004\062\004\076\004\064\004\113}{}% 38
\BOOKMARK [1][-]{section*.13}{\376\377\004\027\004\060\004\072\004\073\004\116\004\107\004\065\004\075\004\070\004\065}{}% 39
\BOOKMARK [1][-]{section*.13}{\376\377\004\041\004\077\004\070\004\101\004\076\004\072\000\040\004\073\004\070\004\102\004\065\004\100\004\060\004\102\004\103\004\100\004\113}{}% 40
\BOOKMARK [1][-]{section*.14}{\376\377\004\037\004\100\004\070\004\073\004\076\004\066\004\065\004\075\004\070\004\065\000\040\000A\000.\000\040\004\040\004\065\004\060\004\073\004\070\004\067\004\060\004\106\004\070\004\117\000.}{}% 41
